<?xml version="1.0" encoding="UTF-8"?>
<testng-results ignored="0" total="2" passed="2" failed="0" skipped="0">
  <reporter-output>
  </reporter-output>
  <suite started-at="2022-12-26T12:35:11 IST" name="Default suite" finished-at="2022-12-26T12:35:12 IST" duration-ms="989">
    <groups>
    </groups>
    <test started-at="2022-12-26T12:35:11 IST" name="Default test" finished-at="2022-12-26T12:35:12 IST" duration-ms="989">
      <class name="com.TestPackages.WriteExcelTest">
        <test-method signature="writeExcelTest()[pri:0, instance:com.TestPackages.WriteExcelTest@4facf68f]" started-at="2022-12-26T12:35:11 IST" name="writeExcelTest" finished-at="2022-12-26T12:35:11 IST" duration-ms="774" status="PASS">
          <reporter-output>
          </reporter-output>
        </test-method> <!-- writeExcelTest -->
        <test-method signature="writeExcelTest1()[pri:0, instance:com.TestPackages.WriteExcelTest@4facf68f]" started-at="2022-12-26T12:35:11 IST" name="writeExcelTest1" finished-at="2022-12-26T12:35:12 IST" duration-ms="169" status="PASS">
          <reporter-output>
          </reporter-output>
        </test-method> <!-- writeExcelTest1 -->
      </class> <!-- com.TestPackages.WriteExcelTest -->
    </test> <!-- Default test -->
  </suite> <!-- Default suite -->
</testng-results>
